[debug] [2022-09-15T11:02:42.744Z] ----------------------------------------------------------------------
[debug] [2022-09-15T11:02:42.748Z] Command:       /home/omega/.nvm/versions/node/v16.16.0/bin/node /home/omega/.nvm/versions/node/v16.16.0/bin/firebase init
[debug] [2022-09-15T11:02:42.749Z] CLI Version:   11.9.0
[debug] [2022-09-15T11:02:42.749Z] Platform:      linux
[debug] [2022-09-15T11:02:42.749Z] Node Version:  v16.16.0
[debug] [2022-09-15T11:02:42.750Z] Time:          Thu Sep 15 2022 14:02:42 GMT+0300 (Eastern European Summer Time)
[debug] [2022-09-15T11:02:42.751Z] ----------------------------------------------------------------------
[debug] 
[debug] [2022-09-15T11:02:42.756Z] >>> [apiv2][query] GET https://firebase-public.firebaseio.com/cli.json [none]
[debug] [2022-09-15T11:02:42.790Z] > command requires scopes: ["email","openid","https://www.googleapis.com/auth/cloudplatformprojects.readonly","https://www.googleapis.com/auth/firebase","https://www.googleapis.com/auth/cloud-platform"]
[debug] [2022-09-15T11:02:42.791Z] > authorizing via signed-in user (olenenok.she@gmail.com)
[info] 
     ######## #### ########  ######## ########     ###     ######  ########
     ##        ##  ##     ## ##       ##     ##  ##   ##  ##       ##
     ######    ##  ########  ######   ########  #########  ######  ######
     ##        ##  ##    ##  ##       ##     ## ##     ##       ## ##
     ##       #### ##     ## ######## ########  ##     ##  ######  ########

You're about to initialize a Firebase project in this directory:

  /mnt/g/eth/table-app

Before we get started, keep in mind:

  * You are currently outside your home directory

[debug] [2022-09-15T11:02:43.318Z] <<< [apiv2][status] GET https://firebase-public.firebaseio.com/cli.json 200
[debug] [2022-09-15T11:02:43.319Z] <<< [apiv2][body] GET https://firebase-public.firebaseio.com/cli.json {"cloudBuildErrorAfter":1594252800000,"cloudBuildWarnAfter":1590019200000,"defaultNode10After":1594252800000,"minVersion":"3.0.5","node8DeploysDisabledAfter":1613390400000,"node8RuntimeDisabledAfter":1615809600000,"node8WarnAfter":1600128000000}
[info] 
=== Project Setup
[info] 
[info] First, let's associate this project directory with a Firebase project.
[info] You can create multiple project aliases by running firebase use --add, 
[info] but for now we'll just set up a default project.
[info] 
[debug] [2022-09-15T11:03:49.094Z] > refreshing access token with scopes: []
[debug] [2022-09-15T11:03:49.097Z] >>> [apiv2][query] POST https://www.googleapis.com/oauth2/v3/token [none]
[debug] [2022-09-15T11:03:49.097Z] >>> [apiv2][body] POST https://www.googleapis.com/oauth2/v3/token [omitted]
[debug] [2022-09-15T11:03:49.545Z] <<< [apiv2][status] POST https://www.googleapis.com/oauth2/v3/token 400
[debug] [2022-09-15T11:03:49.545Z] <<< [apiv2][body] POST https://www.googleapis.com/oauth2/v3/token [omitted]
[debug] [2022-09-15T11:03:49.546Z] >>> [apiv2][query] GET https://firebase.googleapis.com/v1beta1/projects pageSize=100
[debug] [2022-09-15T11:03:49.754Z] <<< [apiv2][status] GET https://firebase.googleapis.com/v1beta1/projects 401
[debug] [2022-09-15T11:03:49.754Z] <<< [apiv2][body] GET https://firebase.googleapis.com/v1beta1/projects [omitted]
[debug] [2022-09-15T11:03:49.756Z] HTTP Error: 401, Request had invalid authentication credentials. Expected OAuth 2 access token, login cookie or other valid authentication credential. See https://developers.google.com/identity/sign-in/web/devconsole-project.
[debug] [2022-09-15T11:03:49.762Z] FirebaseError: HTTP Error: 401, Request had invalid authentication credentials. Expected OAuth 2 access token, login cookie or other valid authentication credential. See https://developers.google.com/identity/sign-in/web/devconsole-project.
    at responseToError (/home/omega/.nvm/versions/node/v16.16.0/lib/node_modules/firebase-tools/lib/responseToError.js:49:12)
    at RetryOperation._fn (/home/omega/.nvm/versions/node/v16.16.0/lib/node_modules/firebase-tools/lib/apiv2.js:288:77)
    at processTicksAndRejections (node:internal/process/task_queues:96:5)
[error] 
[error] Error: Failed to list Firebase projects. See firebase-debug.log for more info.
[debug] [2022-09-15T11:04:11.995Z] ----------------------------------------------------------------------
[debug] [2022-09-15T11:04:11.998Z] Command:       /home/omega/.nvm/versions/node/v16.16.0/bin/node /home/omega/.nvm/versions/node/v16.16.0/bin/firebase init
[debug] [2022-09-15T11:04:11.999Z] CLI Version:   11.9.0
[debug] [2022-09-15T11:04:11.999Z] Platform:      linux
[debug] [2022-09-15T11:04:11.999Z] Node Version:  v16.16.0
[debug] [2022-09-15T11:04:12.000Z] Time:          Thu Sep 15 2022 14:04:11 GMT+0300 (Eastern European Summer Time)
[debug] [2022-09-15T11:04:12.001Z] ----------------------------------------------------------------------
[debug] 
[debug] [2022-09-15T11:04:12.017Z] > command requires scopes: ["email","openid","https://www.googleapis.com/auth/cloudplatformprojects.readonly","https://www.googleapis.com/auth/firebase","https://www.googleapis.com/auth/cloud-platform"]
[debug] [2022-09-15T11:04:12.019Z] > authorizing via signed-in user (olenenok.she@gmail.com)
[info] 
     ######## #### ########  ######## ########     ###     ######  ########
     ##        ##  ##     ## ##       ##     ##  ##   ##  ##       ##
     ######    ##  ########  ######   ########  #########  ######  ######
     ##        ##  ##    ##  ##       ##     ## ##     ##       ## ##
     ##       #### ##     ## ######## ########  ##     ##  ######  ########

You're about to initialize a Firebase project in this directory:

  /mnt/g/eth/table-app

Before we get started, keep in mind:

  * You are currently outside your home directory

[info] 
=== Project Setup
[info] 
[info] First, let's associate this project directory with a Firebase project.
[info] You can create multiple project aliases by running firebase use --add, 
[info] but for now we'll just set up a default project.
[info] 
[debug] [2022-09-15T11:04:22.914Z] > refreshing access token with scopes: []
[debug] [2022-09-15T11:04:22.917Z] >>> [apiv2][query] POST https://www.googleapis.com/oauth2/v3/token [none]
[debug] [2022-09-15T11:04:22.918Z] >>> [apiv2][body] POST https://www.googleapis.com/oauth2/v3/token [omitted]
[debug] [2022-09-15T11:04:23.166Z] <<< [apiv2][status] POST https://www.googleapis.com/oauth2/v3/token 400
[debug] [2022-09-15T11:04:23.166Z] <<< [apiv2][body] POST https://www.googleapis.com/oauth2/v3/token [omitted]
[debug] [2022-09-15T11:04:23.168Z] >>> [apiv2][query] GET https://firebase.googleapis.com/v1beta1/projects pageSize=100
[debug] [2022-09-15T11:04:23.449Z] <<< [apiv2][status] GET https://firebase.googleapis.com/v1beta1/projects 401
[debug] [2022-09-15T11:04:23.449Z] <<< [apiv2][body] GET https://firebase.googleapis.com/v1beta1/projects [omitted]
[debug] [2022-09-15T11:04:23.451Z] HTTP Error: 401, Request had invalid authentication credentials. Expected OAuth 2 access token, login cookie or other valid authentication credential. See https://developers.google.com/identity/sign-in/web/devconsole-project.
[debug] [2022-09-15T11:04:23.456Z] FirebaseError: HTTP Error: 401, Request had invalid authentication credentials. Expected OAuth 2 access token, login cookie or other valid authentication credential. See https://developers.google.com/identity/sign-in/web/devconsole-project.
    at responseToError (/home/omega/.nvm/versions/node/v16.16.0/lib/node_modules/firebase-tools/lib/responseToError.js:49:12)
    at RetryOperation._fn (/home/omega/.nvm/versions/node/v16.16.0/lib/node_modules/firebase-tools/lib/apiv2.js:288:77)
    at processTicksAndRejections (node:internal/process/task_queues:96:5)
[error] 
[error] Error: Failed to list Firebase projects. See firebase-debug.log for more info.
[debug] [2022-09-15T11:04:36.289Z] ----------------------------------------------------------------------
[debug] [2022-09-15T11:04:36.292Z] Command:       /home/omega/.nvm/versions/node/v16.16.0/bin/node /home/omega/.nvm/versions/node/v16.16.0/bin/firebase init
[debug] [2022-09-15T11:04:36.293Z] CLI Version:   11.9.0
[debug] [2022-09-15T11:04:36.293Z] Platform:      linux
[debug] [2022-09-15T11:04:36.293Z] Node Version:  v16.16.0
[debug] [2022-09-15T11:04:36.294Z] Time:          Thu Sep 15 2022 14:04:36 GMT+0300 (Eastern European Summer Time)
[debug] [2022-09-15T11:04:36.295Z] ----------------------------------------------------------------------
[debug] 
[debug] [2022-09-15T11:04:36.307Z] > command requires scopes: ["email","openid","https://www.googleapis.com/auth/cloudplatformprojects.readonly","https://www.googleapis.com/auth/firebase","https://www.googleapis.com/auth/cloud-platform"]
[debug] [2022-09-15T11:04:36.308Z] > authorizing via signed-in user (olenenok.she@gmail.com)
[info] 
     ######## #### ########  ######## ########     ###     ######  ########
     ##        ##  ##     ## ##       ##     ##  ##   ##  ##       ##
     ######    ##  ########  ######   ########  #########  ######  ######
     ##        ##  ##    ##  ##       ##     ## ##     ##       ## ##
     ##       #### ##     ## ######## ########  ##     ##  ######  ########

You're about to initialize a Firebase project in this directory:

  /mnt/g/eth/table-app

Before we get started, keep in mind:

  * You are currently outside your home directory

[info] 
=== Project Setup
[info] 
[info] First, let's associate this project directory with a Firebase project.
[info] You can create multiple project aliases by running firebase use --add, 
[info] but for now we'll just set up a default project.
[info] 
[info] i  If you want to create a project in a Google Cloud organization or folder, please use "firebase projects:create" instead, and return to this command when you've created the project. 
[debug] [2022-09-15T11:05:04.820Z] > refreshing access token with scopes: []
[debug] [2022-09-15T11:05:04.825Z] >>> [apiv2][query] POST https://www.googleapis.com/oauth2/v3/token [none]
[debug] [2022-09-15T11:05:04.825Z] >>> [apiv2][body] POST https://www.googleapis.com/oauth2/v3/token [omitted]
[debug] [2022-09-15T11:05:05.070Z] <<< [apiv2][status] POST https://www.googleapis.com/oauth2/v3/token 400
[debug] [2022-09-15T11:05:05.071Z] <<< [apiv2][body] POST https://www.googleapis.com/oauth2/v3/token [omitted]
[debug] [2022-09-15T11:05:05.072Z] >>> [apiv2][query] POST https://cloudresourcemanager.googleapis.com/v1/projects [none]
[debug] [2022-09-15T11:05:05.072Z] >>> [apiv2][body] POST https://cloudresourcemanager.googleapis.com/v1/projects {"projectId":"table-summary","name":"table-summary"}
[debug] [2022-09-15T11:05:06.030Z] <<< [apiv2][status] POST https://cloudresourcemanager.googleapis.com/v1/projects 401
[debug] [2022-09-15T11:05:06.031Z] <<< [apiv2][body] POST https://cloudresourcemanager.googleapis.com/v1/projects {"error":{"code":401,"message":"Request had invalid authentication credentials. Expected OAuth 2 access token, login cookie or other valid authentication credential. See https://developers.google.com/identity/sign-in/web/devconsole-project.","status":"UNAUTHENTICATED","details":[{"@type":"type.googleapis.com/google.rpc.ErrorInfo","reason":"ACCESS_TOKEN_TYPE_UNSUPPORTED","metadata":{"method":"google.cloudresourcemanager.v1.Projects.CreateProject","service":"cloudresourcemanager.googleapis.com"}}]}}
[debug] [2022-09-15T11:05:06.046Z] FirebaseError: HTTP Error: 401, Request had invalid authentication credentials. Expected OAuth 2 access token, login cookie or other valid authentication credential. See https://developers.google.com/identity/sign-in/web/devconsole-project.
    at responseToError (/home/omega/.nvm/versions/node/v16.16.0/lib/node_modules/firebase-tools/lib/responseToError.js:49:12)
    at RetryOperation._fn (/home/omega/.nvm/versions/node/v16.16.0/lib/node_modules/firebase-tools/lib/apiv2.js:288:77)
    at processTicksAndRejections (node:internal/process/task_queues:96:5)
[error] 
[error] Error: Failed to create project. See firebase-debug.log for more info.
